<?xml version="1.0" encoding="UTF-8"?>
<!-- Generated by org.testng.reporters.JUnitXMLReporter -->
<testsuite hostname="Ashwin-PC" ignored="0" name="Default test" tests="4" failures="0" timestamp="04 Jul 2018 05:50:20 GMT" time="120.101" errors="0">
  <testcase name="testMultipleLogin" time="23.487" classname="com.qa.fcrm.scripts.VerifyMultipleLogin"/>
  <testcase name="testMultipleLogin" time="25.215" classname="com.qa.fcrm.scripts.VerifyMultipleLogin"/>
  <testcase name="testMultipleLogin" time="25.755" classname="com.qa.fcrm.scripts.VerifyMultipleLogin"/>
  <testcase name="testMultipleLogin" time="22.043" classname="com.qa.fcrm.scripts.VerifyMultipleLogin"/>
</testsuite> <!-- Default test -->
