<?xml version="1.0" encoding="UTF-8"?>
<!-- Generated by org.testng.reporters.JUnitXMLReporter -->
<testsuite hostname="Ashwin-PC" ignored="0" name="Test" tests="4" failures="0" timestamp="04 Jul 2018 07:24:18 GMT" time="177.308" errors="0">
  <testcase name="testMultipleLogin" time="32.443" classname="com.qa.fcrm.scripts.VerifyMultipleLogin"/>
  <testcase name="testMultipleLogin" time="30.199" classname="com.qa.fcrm.scripts.VerifyMultipleLogin"/>
  <testcase name="testMultipleLogin" time="25.297" classname="com.qa.fcrm.scripts.VerifyMultipleLogin"/>
  <testcase name="testMultipleLogin" time="22.446" classname="com.qa.fcrm.scripts.VerifyMultipleLogin"/>
</testsuite> <!-- Test -->
